###############################################################################
#                                                                             #
# IAR C/C++ Compiler V5.51.2.50607/W32 for MSP430       18/Apr/2013  16:58:57 #
# Copyright 1996-2012 IAR Systems AB.                                         #
#                                                                             #
#    __rt_version  =  3                                                       #
#    __double_size =  32                                                      #
#    __reg_r4      =  free                                                    #
#    __reg_r5      =  free                                                    #
#    __pic         =  no                                                      #
#    __core        =  430X                                                    #
#    __data_model  =  small                                                   #
#    Source file   =  C:\Users\student\Documents\GitHub\MHMS\ZAP-MSP430-2.5.1 #
#                     \Projects\zstack\ZAP\Source\zap_zmac.c                  #
#    Command line  =  -f C:\Users\student\Documents\GitHub\MHMS\ZAP-MSP430-2. #
#                     5.1\Projects\zstack\ZAP\TVSA\EXP5438\..\..\Source\zap.c #
#                     fg (-DZAP_PHY_SPI=1 -DZAP_PHY_UART=0                    #
#                     -DZAP_DEVICETYPE=ZG_DEVICETYPE_ROUTER                   #
#                     -DTVSA_DEVICE_ID=0x0016 -DTVSA_DONGLE=1 -DHAL_UART=1    #
#                     -DZAP_PHY_RESET_ZNP=TRUE -DZAP_ZNP_MT=FALSE             #
#                     -DZAP_APP_MSG=FALSE -DZAP_SBL_PROXY=FALSE               #
#                     -DZAP_AUTO_CFG=TRUE -DZAP_AUTO_START=TRUE               #
#                     -DZAP_NV_RESTORE=FALSE -DLCD_SUPPORTED                  #
#                     -DZAP_AF_DATA_REQ_FRAG=FALSE                            #
#                     -DZAP_AF_DATA_REQ_AREQ=!ZAP_AF_DATA_REQ_FRAG            #
#                     -DZAP_ZDO_STARTUP_AREQ=TRUE -DZAP_AF_FUNC               #
#                     -DZAP_SAPI_FUNC -DZAP_SYS_FUNC -DZAP_UTIL_FUNC          #
#                     -DZAP_ZDO_FUNC -DSECURE=0 -DZG_SECURE_DYNAMIC=0         #
#                     "-DDEFAULT_CHANLIST=(uint32)0x00000800"                 #
#                     -DZDAPP_CONFIG_PAN_ID=0xFFFF -DPOLL_RATE=1000           #
#                     -DNWK_START_DELAY=100 -DMAX_BINDING_CLUSTER_IDS=4)      #
#                     C:\Users\student\Documents\GitHub\MHMS\ZAP-MSP430-2.5.1 #
#                     \Projects\zstack\ZAP\Source\zap_zmac.c -D               #
#                     ZAP_DEVICETYPE=ZG_DEVICETYPE_ROUTER -D                  #
#                     TVSA_DEVICE_ID=0x0016 -lC "C:\Users\student\Documents\G #
#                     itHub\MHMS\ZAP-MSP430-2.5.1\Projects\zstack\ZAP\TVSA\EX #
#                     P5438\ZAP Router\List\" -lA                             #
#                     "C:\Users\student\Documents\GitHub\MHMS\ZAP-MSP430-2.5. #
#                     1\Projects\zstack\ZAP\TVSA\EXP5438\ZAP Router\List\"    #
#                     --remarks --diag_suppress Pe001,Pe193,Pe236,Pe826 -o    #
#                     "C:\Users\student\Documents\GitHub\MHMS\ZAP-MSP430-2.5. #
#                     1\Projects\zstack\ZAP\TVSA\EXP5438\ZAP Router\Obj\"     #
#                     --debug -D__MSP430F5438A__ -e --double=32 --clib -I     #
#                     C:\Users\student\Documents\GitHub\MHMS\ZAP-MSP430-2.5.1 #
#                     \Projects\zstack\ZAP\TVSA\EXP5438\ -I                   #
#                     C:\Users\student\Documents\GitHub\MHMS\ZAP-MSP430-2.5.1 #
#                     \Projects\zstack\ZAP\TVSA\EXP5438\..\Source\ -I         #
#                     C:\Users\student\Documents\GitHub\MHMS\ZAP-MSP430-2.5.1 #
#                     \Projects\zstack\ZAP\TVSA\EXP5438\..\..\Source\ -I      #
#                     C:\Users\student\Documents\GitHub\MHMS\ZAP-MSP430-2.5.1 #
#                     \Projects\zstack\ZAP\TVSA\EXP5438\..\..\..\..\..\Compon #
#                     ents\hal\target\MSP5438ZAP\ -I                          #
#                     C:\Users\student\Documents\GitHub\MHMS\ZAP-MSP430-2.5.1 #
#                     \Projects\zstack\ZAP\TVSA\EXP5438\..\..\..\..\..\Compon #
#                     ents\hal\include\ -I C:\Users\student\Documents\GitHub\ #
#                     MHMS\ZAP-MSP430-2.5.1\Projects\zstack\ZAP\TVSA\EXP5438\ #
#                     ..\..\..\..\..\Components\mac\include\ -I               #
#                     C:\Users\student\Documents\GitHub\MHMS\ZAP-MSP430-2.5.1 #
#                     \Projects\zstack\ZAP\TVSA\EXP5438\..\..\..\..\..\Compon #
#                     ents\mt\ -I C:\Users\student\Documents\GitHub\MHMS\ZAP- #
#                     MSP430-2.5.1\Projects\zstack\ZAP\TVSA\EXP5438\..\..\..\ #
#                     ..\..\Components\osal\include\ -I                       #
#                     C:\Users\student\Documents\GitHub\MHMS\ZAP-MSP430-2.5.1 #
#                     \Projects\zstack\ZAP\TVSA\EXP5438\..\..\..\..\..\Compon #
#                     ents\osal\mcu\msp430\ -I C:\Users\student\Documents\Git #
#                     Hub\MHMS\ZAP-MSP430-2.5.1\Projects\zstack\ZAP\TVSA\EXP5 #
#                     438\..\..\..\..\..\Components\services\saddr\ -I        #
#                     C:\Users\student\Documents\GitHub\MHMS\ZAP-MSP430-2.5.1 #
#                     \Projects\zstack\ZAP\TVSA\EXP5438\..\..\..\..\..\Compon #
#                     ents\services\sdata\ -I C:\Users\student\Documents\GitH #
#                     ub\MHMS\ZAP-MSP430-2.5.1\Projects\zstack\ZAP\TVSA\EXP54 #
#                     38\..\..\..\..\..\Components\stack\af\ -I               #
#                     C:\Users\student\Documents\GitHub\MHMS\ZAP-MSP430-2.5.1 #
#                     \Projects\zstack\ZAP\TVSA\EXP5438\..\..\..\..\..\Compon #
#                     ents\stack\nwk\ -I C:\Users\student\Documents\GitHub\MH #
#                     MS\ZAP-MSP430-2.5.1\Projects\zstack\ZAP\TVSA\EXP5438\.. #
#                     \..\..\..\..\Components\stack\sapi\ -I                  #
#                     C:\Users\student\Documents\GitHub\MHMS\ZAP-MSP430-2.5.1 #
#                     \Projects\zstack\ZAP\TVSA\EXP5438\..\..\..\..\..\Compon #
#                     ents\stack\sec\ -I C:\Users\student\Documents\GitHub\MH #
#                     MS\ZAP-MSP430-2.5.1\Projects\zstack\ZAP\TVSA\EXP5438\.. #
#                     \..\..\..\..\Components\stack\sys\ -I                   #
#                     C:\Users\student\Documents\GitHub\MHMS\ZAP-MSP430-2.5.1 #
#                     \Projects\zstack\ZAP\TVSA\EXP5438\..\..\..\..\..\Compon #
#                     ents\stack\zdo\ -I C:\Users\student\Documents\GitHub\MH #
#                     MS\ZAP-MSP430-2.5.1\Projects\zstack\ZAP\TVSA\EXP5438\.. #
#                     \..\..\..\..\Components\zmac\ -I                        #
#                     C:\Users\student\Documents\GitHub\MHMS\ZAP-MSP430-2.5.1 #
#                     \Projects\zstack\ZAP\TVSA\EXP5438\..\..\..\..\..\Compon #
#                     ents\zmac\f8w\ --core=430X --data_model=small -Ohz      #
#                     --multiplier=32 --multiplier_location=4C0               #
#                     --require_prototypes --hw_workaround=CPU40              #
#                     --hw_workaround=CPU42                                   #
#    List file     =  C:\Users\student\Documents\GitHub\MHMS\ZAP-MSP430-2.5.1 #
#                     \Projects\zstack\ZAP\TVSA\EXP5438\ZAP                   #
#                     Router\List\zap_zmac.lst                                #
#    Object file   =  C:\Users\student\Documents\GitHub\MHMS\ZAP-MSP430-2.5.1 #
#                     \Projects\zstack\ZAP\TVSA\EXP5438\ZAP                   #
#                     Router\Obj\zap_zmac.r43                                 #
#                                                                             #
#                                                                             #
###############################################################################

C:\Users\student\Documents\GitHub\MHMS\ZAP-MSP430-2.5.1\Projects\zstack\ZAP\Source\zap_zmac.c
      1          /**************************************************************************************************
      2            Filename:       zap_zmac.c
      3            Revised:        $Date: 2009-12-22 17:20:57 -0800 (Tue, 22 Dec 2009) $
      4            Revision:       $Revision: 21402 $
      5          
      6            Description:
      7          
      8            This file defines the ZNP Application Processor API to the ZNP ZMAC layer.
      9          
     10            
     11            Copyright 2009 Texas Instruments Incorporated. All rights reserved.
     12          
     13            IMPORTANT: Your use of this Software is limited to those specific rights
     14            granted under the terms of a software license agreement between the user
     15            who downloaded the software, his/her employer (which must be your employer)
     16            and Texas Instruments Incorporated (the "License").  You may not use this
     17            Software unless you agree to abide by the terms of the License. The License
     18            limits your use, and you acknowledge, that the Software may not be modified,
     19            copied or distributed unless embedded on a Texas Instruments microcontroller
     20            or used solely and exclusively in conjunction with a Texas Instruments radio
     21            frequency transceiver, which is integrated into your product.  Other than for
     22            the foregoing purpose, you may not use, reproduce, copy, prepare derivative
     23            works of, modify, distribute, perform, display or sell this Software and/or
     24            its documentation for any purpose.
     25          
     26            YOU FURTHER ACKNOWLEDGE AND AGREE THAT THE SOFTWARE AND DOCUMENTATION ARE
     27            PROVIDED “AS IS” WITHOUT WARRANTY OF ANY KIND, EITHER EXPRESS OR IMPLIED,
     28            INCLUDING WITHOUT LIMITATION, ANY WARRANTY OF MERCHANTABILITY, TITLE,
     29            NON-INFRINGEMENT AND FITNESS FOR A PARTICULAR PURPOSE. IN NO EVENT SHALL
     30            TEXAS INSTRUMENTS OR ITS LICENSORS BE LIABLE OR OBLIGATED UNDER CONTRACT,
     31            NEGLIGENCE, STRICT LIABILITY, CONTRIBUTION, BREACH OF WARRANTY, OR OTHER
     32            LEGAL EQUITABLE THEORY ANY DIRECT OR INDIRECT DAMAGES OR EXPENSES
     33            INCLUDING BUT NOT LIMITED TO ANY INCIDENTAL, SPECIAL, INDIRECT, PUNITIVE
     34            OR CONSEQUENTIAL DAMAGES, LOST PROFITS OR LOST DATA, COST OF PROCUREMENT
     35            OF SUBSTITUTE GOODS, TECHNOLOGY, SERVICES, OR ANY CLAIMS BY THIRD PARTIES
     36            (INCLUDING BUT NOT LIMITED TO ANY DEFENSE THEREOF), OR OTHER SIMILAR COSTS.
     37          
     38            Should you have any questions regarding your right to use this Software,
     39            contact Texas Instruments Incorporated at www.TI.com.
     40          
     41          **************************************************************************************************/
     42          
     43          /* ------------------------------------------------------------------------------------------------
     44           *                                          Includes
     45           * ------------------------------------------------------------------------------------------------
     46           */
     47          
     48          #include "hal_board.h"
     49          #include "mt.h"
     50          #include "mt_rpc.h"
     51          #include "mt_sys.h"
     52          #include "zap_app.h"
     53          #include "zap_znp.h"
     54          #include "zmac.h"
     55          
     56          /* ------------------------------------------------------------------------------------------------
     57           *                                           Constants
     58           * ------------------------------------------------------------------------------------------------
     59           */
     60          
     61          /* ------------------------------------------------------------------------------------------------
     62           *                                           Macros
     63           * ------------------------------------------------------------------------------------------------
     64           */
     65          
     66          /* ------------------------------------------------------------------------------------------------
     67           *                                           Global Variables
     68           * ------------------------------------------------------------------------------------------------
     69           */
     70          
     71          /* ------------------------------------------------------------------------------------------------
     72           *                                           Local Variables
     73           * ------------------------------------------------------------------------------------------------
     74           */
     75          
     76          /* ------------------------------------------------------------------------------------------------
     77           *                                           Local Functions
     78           * ------------------------------------------------------------------------------------------------
     79           */
     80          
     81          /**************************************************************************************************
     82           * @fn          ZMacGetReq
     83           *
     84           * @brief       This function proxies the Z-Stack ZMacGetReq function across the RPC.
     85           *
     86           * input parameters
     87           *
     88           * @param       pBuf - Pointer to the RPC message buffer.
     89           *
     90           * output parameters
     91           *
     92           * None.
     93           *
     94           * @return      Status.
     95           **************************************************************************************************
     96           */

   \                                 In  segment CODE, align 2
     97          uint8 ZMacGetReq(uint8 attr, uint8 *value)
   \                     ZMacGetReq:
     98          {
   \   000000   0A12         PUSH.W  R10
   \   000002   0F4D         MOV.W   R13, R15
     99            uint8 rtrn = ZMacSuccess;
   \   000004   4A43         MOV.B   #0x0, R10
    100          
    101            switch (attr)
   \   000006   7C805200     SUB.B   #0x52, R12
   \   00000A   0A24         JEQ     ??ZMacGetReq_2
   \   00000C   7C809000     SUB.B   #0x90, R12
   \   000010   0E20         JNE     ??ZMacGetReq_1
    102            {
    103            case ZMacExtAddr:
    104              (void)osal_memcpy(value, &aExtendedAddress, Z_EXTADDR_LEN);
   \   000012   3E42         MOV.W   #0x8, R14
   \   000014   3D40....     MOV.W   #znpIEEE, R13
   \   000018   0C4F         MOV.W   R15, R12
   \   00001A   ........     CALLA   #osal_memcpy
    105              break;
   \   00001E   083C         JMP     ??ZMacGetReq_3
    106          
    107            case ZMacRxOnIdle:
    108              *value = 3;  // Any value other than TRUE or FALSE signals a Get vice Set ZMacRxOnIdle.
   \                     ??ZMacGetReq_2:
   \   000020   FD4003000000 MOV.B   #0x3, 0(R13)
    109              (void)zapSysStackTune(STK_RX_ON_IDLE, value);
   \   000026   5C43         MOV.B   #0x1, R12
   \   000028   ........     CALLA   #zapSysStackTune
    110              break;
   \   00002C   013C         JMP     ??ZMacGetReq_3
    111          
    112            default:
    113              rtrn = ZInvalidParameter;
   \                     ??ZMacGetReq_1:
   \   00002E   6A43         MOV.B   #0x2, R10
    114              break;
    115            }
    116          
    117            return rtrn;
   \                     ??ZMacGetReq_3:
   \   000030   4C4A         MOV.B   R10, R12
   \   000032   3A41         POP.W   R10
   \   000034   1001         RETA
    118          }
    119          
    120          /**************************************************************************************************
    121           * @fn          ZMacSetReq
    122           *
    123           * @brief       This function proxies the Z-Stack ZMacSetReq function across the RPC.
    124           *
    125           * input parameters
    126           *
    127           * @param       pBuf - Pointer to the RPC message buffer.
    128           *
    129           * output parameters
    130           *
    131           * None.
    132           *
    133           * @return      Status.
    134           **************************************************************************************************
    135           */

   \                                 In  segment CODE, align 2
    136          uint8 ZMacSetReq(uint8 attr, uint8 *value)
   \                     ZMacSetReq:
    137          {
   \   000000   1B15         PUSHM.W #0x2, R11
   \   000002   0A4D         MOV.W   R13, R10
    138            uint8 rtrn = ZMacSuccess;
   \   000004   4B43         MOV.B   #0x0, R11
    139          
    140            switch (attr)
   \   000006   7C805200     SUB.B   #0x52, R12
   \   00000A   1224         JEQ     ??ZMacSetReq_2
   \   00000C   7C808E00     SUB.B   #0x8e, R12
   \   000010   1124         JEQ     ??ZMacSetReq_3
   \   000012   6C83         SUB.B   #0x2, R12
   \   000014   1320         JNE     ??ZMacSetReq_1
    141            {
    142            case ZMacExtAddr:
    143              (void)znp_nv_write(ZCD_NV_EXTADDR, 0, Z_EXTADDR_LEN, value);
   \   000016   0F4D         MOV.W   R13, R15
   \   000018   7E42         MOV.B   #0x8, R14
   \   00001A   4D43         MOV.B   #0x0, R13
   \   00001C   1C43         MOV.W   #0x1, R12
   \   00001E   ........     CALLA   #znp_nv_write
    144              (void)osal_memcpy(&aExtendedAddress, value, Z_EXTADDR_LEN);
   \   000022   3E42         MOV.W   #0x8, R14
   \   000024   0D4A         MOV.W   R10, R13
   \   000026   3C40....     MOV.W   #znpIEEE, R12
   \   00002A   ........     CALLA   #osal_memcpy
    145              break;
   \   00002E   073C         JMP     ??ZMacSetReq_4
    146          
    147            case ZMacRxOnIdle:
    148              zapSysStackTune(STK_RX_ON_IDLE, value);
   \                     ??ZMacSetReq_2:
   \   000030   5C43         MOV.B   #0x1, R12
   \   000032   013C         JMP     ??ZMacSetReq_5
    149              break;
    150          
    151            case ZMacPhyTransmitPower:
    152              zapSysStackTune(STK_TX_PWR, value);
   \                     ??ZMacSetReq_3:
   \   000034   4C43         MOV.B   #0x0, R12
   \                     ??ZMacSetReq_5:
   \   000036   ........     CALLA   #zapSysStackTune
    153              break;
   \   00003A   013C         JMP     ??ZMacSetReq_4
    154          
    155            default:
    156              rtrn = ZInvalidParameter;
   \                     ??ZMacSetReq_1:
   \   00003C   6B43         MOV.B   #0x2, R11
    157              break;
    158            }
    159          
    160            return rtrn;
   \                     ??ZMacSetReq_4:
   \   00003E   4C4B         MOV.B   R11, R12
   \   000040   1A17         POPM.W  #0x2, R11
   \   000042   1001         RETA
    161          }
    162          
    163          /**************************************************************************************************
    164          */

   Maximum stack usage in bytes:

   CSTACK Function
   ------ --------
       6  ZMacGetReq
            6 -> osal_memcpy
            6 -> zapSysStackTune
       8  ZMacSetReq
            8 -> osal_memcpy
            8 -> zapSysStackTune
            8 -> znp_nv_write


   Segment part sizes:

   Bytes  Function/Label
   -----  --------------
      54  ZMacGetReq
      68  ZMacSetReq

 
 122 bytes in segment CODE
 
 122 bytes of CODE memory

Errors: none
Warnings: none
